<?xml version='1.0' encoding='UTF-8' ?>
<testsuites tests="1" failures="0" errors="0" skipped="0" time="4.189" timestamp="2026-07-01T08:01:03" hostname="localhost">
  <testsuite name="dev.shallowdusty.oplusotastudio.download.AndroidMediaStoreDownloadFilePromoterInstrumentedTest" tests="1" failures="0" errors="0" skipped="0" time="1.24" timestamp="2026-07-01T08:01:03" hostname="localhost">
    <properties>
      <property name="device" value="OPlus_API34(AVD) - 14" />
      <property name="flavor" value="" />
      <property name="project" value=":app" />
    </properties>
    <testcase name="promotesZipIntoDownloadsCollectionOnScopedStorage" classname="dev.shallowdusty.oplusotastudio.download.AndroidMediaStoreDownloadFilePromoterInstrumentedTest" time="1.24" />
  </testsuite>
</testsuites>